46 01 00 43 ff 4a ec 29
cd ba ab f2 fb e3 46 7c
c0 a8 00 3e c2 54 f8 1b
e8 e7 2b 77 8d 76 5a 2e
31 63 55 3b 74 5a 38 47
27 23 58 73 6e 5f 7d 3b
2d 26 29 5c 3c 29 6e 7b
7a 21 5e 72 35 4a 7c 46
49 53 61 40 2f 36 23 50
39 75 45 
45 02 00 48 97 ea dc 6b
96 8f 38 5c 2a ec b0 3b
c0 a8 00 b6 fb 32 39 bd
af 3c 54 ec 64 35 2e 24
66 62 79 47 42 6c 28 3d
29 29 42 3b 60 50 58 37
74 76 65 2f 4b 60 45 60
27 4b 59 6b 61 23 2b 63
21 41 46 43 49 68 61 6c
71 3f 2a 6e 6f 7c 27 21
45 03 00 3a 64 c5 14 73
5a c5 5e 4b 79 63 3b 70
c0 a8 00 09 64 24 d2 ce
11 9e 09 dc 58 34 24 62
3f 22 69 41 33 71 51 56
5c 5d 75 4e 37 2b 48 6b
42 4d 41 5b 2f 3d 6e 3a
23 49 34 75 5e 52 59 7d
6f 5e 
46 00 00 2c e0 79 4d 3d
34 bc 5f 4e 77 fa cb 6c
c0 a8 00 fb 05 ac 86 21
2b aa 42 55 1a 55 a2 be
64 35 53 5f 70 58 4d 3a
68 77 5b 70 2e 36 3e 6b
76 73 33 35 
46 b8 00 2d d4 b2 8a 29
54 48 9a 0a bc d5 0e 18
c0 a8 00 09 a8 44 ac 5b
f3 8e c4 6a 4c d7 2d 9b
2f 56 61 5e 34 21 4f 2f
4b 54 5f 6b 63 72 56 59
56 30 4a 46 42 
45 03 00 52 85 6c fb b2
07 04 f4 ec 0b b9 20 ba
c0 a8 00 7b 86 c3 39 bd
3e 05 f1 ec 2f 2b 43 21
3b 6e 47 5d 72 33 37 4a
21 78 48 26 3e 30 54 21
58 63 32 3e 5e 52 50 48
6d 69 76 39 74 3c 3a 4b
46 7c 2a 54 4b 5b 21 4c
56 63 52 30 73 43 31 4e
28 5d 6c 66 4b 58 31 3b
5d 43 
46 02 00 33 53 60 aa d2
b2 d0 85 fa 54 d8 35 e8
c0 a8 00 cd d4 66 82 64
98 d9 05 bc a8 87 75 65
26 4c 32 63 3c 22 5f 46
56 22 69 37 34 59 53 61
31 7b 74 3c 3b 38 26 41
2a 77 6b 
45 b8 00 36 c0 7c bb 22
fc e4 66 da 61 0b 63 af
c0 a8 00 7b 62 bc d2 ce
83 b4 69 2f 56 6d 4b 5d
30 55 56 37 73 44 35 67
38 79 43 2b 61 21 44 2c
35 35 59 7b 3a 48 37 3d
62 69 36 3a 72 61 
47 ba 00 48 f8 9d 77 09
d1 a5 96 c1 f4 1f 95 aa
c0 a8 00 cd 82 ca 6c 49
ae 90 cd 16 68 ba 35 c2
ac 7a a6 f2 76 28 58 7b
78 3c 47 22 67 44 3f 71
4d 3f 7c 36 66 59 78 68
76 33 4e 23 69 76 77 71
5a 7b 77 6c 40 52 26 3a
6e 4d 56 72 2d 75 21 75
45 01 00 55 2a d9 15 01
43 2f ee 15 02 87 61 7c
c0 a8 00 dc 13 62 cd f1
9e 69 fc 72 25 37 69 77
5e 7a 79 55 67 35 63 3c
2a 27 73 75 5c 7a 22 38
79 41 21 55 5d 48 39 55
5d 23 67 7d 54 6c 76 34
69 2d 6a 6c 5c 69 2b 66
70 3a 78 68 37 7a 3c 32
57 3d 23 36 22 3c 6b 79
59 6f 78 2f 5d 
46 ba 00 4c 61 03 d1 bc
a7 0d be 9b bf ab 0e d5
c0 a8 00 09 98 01 d6 e5
f2 d6 39 bd f6 7d 3e c5
48 22 3d 28 2f 7b 6a 64
7b 3d 77 4c 35 2e 43 48
58 24 2d 20 55 25 39 45
21 69 52 39 43 5a 46 27
5c 7d 49 6c 36 36 52 33
6d 65 79 3f 2f 3e 23 67
5c 30 23 33 
45 00 00 4f c7 e2 ab dd
a4 4d 81 88 1c 53 1a ee
c0 a8 00 fb eb 66 42 55
24 4c 3b 79 4c 66 50 4f
44 60 6d 72 32 46 67 49
68 74 35 6a 77 7c 2f 58
4a 7b 42 62 22 5d 30 30
7a 58 77 62 40 63 4d 20
45 3c 2e 58 62 75 3d 67
6b 6d 53 20 6b 62 59 51
5f 7b 35 7b 74 46 47 
45 02 00 30 0f 98 f2 eb
9c 53 0d a7 fa 5a d8 b0
c0 a8 00 09 b5 db 66 a5
50 c2 fd 5d 3f 5e 30 55
76 27 37 3f 33 37 7a 3e
2d 55 32 23 3c 5c 28 31
6b 25 44 7d 29 45 64 47
47 00 00 4d f9 dc 62 9c
d7 19 b0 1e 6d 4a 4f d1
c0 a8 00 cd 7c 73 1f 4a
e9 7b c0 5a 31 0d 67 fb
7b 9c 36 ed 3c 57 30 2c
37 61 50 6d 56 48 65 78
70 2e 5a 2e 2d 68 67 49
54 4a 4c 48 4d 59 3c 72
61 30 61 20 23 71 2c 3b
6f 76 2a 47 5a 2b 41 4d
54 37 75 61 3b 
45 00 00 4f 02 49 81 e2
a0 7f f8 e3 47 69 e3 11
c0 a8 00 09 b6 98 42 55
b9 41 9f 18 60 66 73 50
39 6a 34 54 64 74 45 44
69 35 52 52 41 6e 39 77
6d 64 6d 60 57 7d 44 43
54 69 25 51 6b 78 23 26
20 51 5a 20 48 3c 5e 4d
51 32 21 2f 3c 55 42 2c
3b 31 6c 2f 4b 4d 6c 
47 02 00 4d e5 02 a8 11
77 4d cd e1 3b 87 60 74
c0 a8 00 b6 8a 76 db 74
a1 68 2a 28 83 8f 35 cb
1d e4 3a 39 2e 22 6c 7a
42 73 6c 25 7a 32 42 3d
39 7b 3f 6e 43 6d 60 79
73 43 2f 6c 41 54 29 4f
61 57 64 6f 73 53 6b 52
62 74 57 79 28 35 52 5b
32 2d 65 55 36 
46 03 00 28 cc 7a 28 63
ef 61 34 9d 66 cf e0 c7
c0 a8 00 82 53 9d 87 68
e4 1d d2 ce 5b 82 6b 67
5c 3c 63 72 3a 4f 20 5a
4b 34 3e 37 37 6b 64 47
46 01 00 41 30 6a 15 99
4e 32 f4 d1 9d 5c d1 6e
c0 a8 00 cd 5d b7 32 60
62 18 2a cc 37 d8 79 36
24 78 5c 4b 35 36 78 39
36 55 57 6b 5c 58 21 5e
29 6b 6e 50 2f 7d 6b 27
78 43 59 3f 74 66 38 34
61 30 5f 32 47 74 4b 77
4b 
47 03 00 59 6b 38 be 22
16 fb 35 ab 6a a9 a3 f2
c0 a8 00 0d 55 73 f2 37
f5 bb af 36 3a 84 ea bc
14 3b 43 bf 32 3b 72 45
3d 32 61 45 40 69 5d 23
79 37 79 68 4b 32 4d 62
61 46 5b 5c 3a 23 3b 25
31 70 54 43 48 49 25 21
75 22 46 51 28 3f 54 23
57 4f 27 24 61 54 66 5e
7a 5e 57 50 61 72 55 72
64 
45 01 00 2c 25 1c ad 08
eb 89 95 4d b4 38 ed d1
c0 a8 00 dc e3 1e 2a cc
53 87 19 2f 69 44 5e 67
38 4f 75 38 75 63 61 3c
56 46 3e 4c 38 2d 49 20
51 64 24 60 
47 01 00 52 47 1e e6 d3
ba 11 cf 68 b1 7c 8b 1a
c0 a8 00 7b 1b 5a f9 df
44 85 ac 1a 9a 0e d4 4e
3d 64 a8 4d 6e 64 77 29
39 6d 69 2d 28 46 69 74
38 3e 36 55 70 39 31 61
7c 46 3a 7a 68 3d 78 77
25 37 68 73 7b 61 38 50
50 3e 5d 59 64 62 69 38
3c 21 6d 2f 54 3b 2c 52
61 61 
45 00 00 46 4d 52 ae b9
b7 27 13 47 64 7b e9 37
c0 a8 00 dc ab ad 05 bc
70 0b 46 8b 2f 5d 61 64
69 4f 61 4c 3a 48 66 3a
28 6c 6a 6a 3d 3a 4b 26
53 5d 2e 66 64 35 78 70
3b 2e 7d 64 6b 7a 4a 70
4c 2d 59 66 55 41 3c 77
49 29 7d 66 43 64 
46 01 00 4a 90 8c 0d 03
d1 63 00 3d 86 a1 01 e4
c0 a8 00 7b d9 a8 59 25
31 c7 35 c2 9a 4c 7a 89
5d 4f 3c 44 58 4e 24 6f
7d 62 57 2e 79 75 21 4c
5e 5f 79 2e 4c 30 24 71
47 50 74 7b 74 5d 5a 6e
2e 32 4e 22 7b 6c 2d 7a
50 64 45 4c 5b 46 34 56
28 49 
46 03 00 3b 10 98 84 d6
a1 3b 24 51 1f 1d 6b f5
c0 a8 00 09 5a 7d 10 d8
17 fc 42 55 a5 3d 8c 24
73 58 4c 3e 72 22 33 76
63 6a 67 57 40 68 44 50
59 3f 2f 78 3c 69 41 46
42 54 51 3f 36 53 63 2b
47 4b 64 
47 01 00 49 27 96 c8 c1
fa 7b 80 af 4c 5b cf 13
c0 a8 00 0d 91 6c e9 9f
21 bc 52 13 1b 2a 39 bd
f4 76 db a4 33 6d 2c 61
56 45 33 32 3b 4e 4d 61
43 6e 52 4d 23 2f 33 5c
48 4e 25 23 21 3a 75 78
33 36 70 46 25 38 29 75
5e 3d 44 79 27 2d 76 4a
37 
47 bb 00 58 95 fc bb 68
4b 5f 56 c4 f7 bb 19 33
c0 a8 00 b6 40 a6 78 b7
be ec b8 28 51 3d bc 82
5f 27 f6 b1 25 2b 5b 79
6c 54 3a 20 28 5b 4d 75
30 74 76 79 49 40 25 37
72 27 7d 38 23 60 64 2d
55 76 4e 75 3d 2b 70 2c
7a 2c 46 24 24 73 79 34
25 72 2f 68 34 34 22 42
56 21 75 73 7c 5b 22 53
45 00 00 48 99 e2 34 ef
2a e0 57 69 10 95 96 7e
c0 a8 00 0d c2 e5 d2 ce
6a 85 cd 8d 23 50 6a 76
4e 61 35 3e 50 21 24 5c
5d 75 31 6b 31 45 64 34
4f 72 66 77 74 62 46 46
2f 5b 3b 32 48 41 45 76
24 5a 50 6e 5b 6f 4d 55
22 78 42 33 59 42 48 44
46 ba 00 52 82 35 8c ae
14 ac 14 92 f9 f8 ea df
c0 a8 00 fb 9d 7d 57 0a
7c 14 05 bc d8 ca 4a f8
77 6f 44 58 27 6e 32 4e
38 32 23 2c 2a 2d 77 4a
59 5e 7d 46 22 3e 23 3b
68 2d 2b 36 65 71 76 78
62 3c 52 26 46 64 54 79
77 57 27 3d 20 3a 68 74
79 23 3c 37 5b 3f 52 45
66 5d 
47 01 00 40 21 a6 90 65
41 fe 61 a8 4f 4a 67 31
c0 a8 00 dc 34 2c b7 b2
ef da ae 90 37 a5 a4 c0
66 d8 13 85 4d 6e 79 57
52 4a 20 24 3b 29 20 46
47 30 5e 28 77 5d 3e 4a
27 69 20 52 4d 4b 71 63
3d 35 2e 26 25 2a 5e 71
46 01 00 29 64 60 44 86
c9 a2 d9 66 2d e3 b5 a6
c0 a8 00 7b c7 b3 b0 e2
57 1f f3 48 d5 0e 14 5d
49 34 3f 57 24 39 68 74
56 7a 63 3c 58 76 45 2f
3e 
47 bb 00 4f ff 02 25 56
22 fa 64 36 58 eb 76 a5
c0 a8 00 fb 30 3a f1 07
41 89 41 a8 66 02 d2 ce
d8 e5 9b 6e 55 64 57 45
4b 60 76 35 5e 78 3d 3c
6a 27 5e 2c 4b 58 50 44
3d 27 73 39 5b 61 29 29
4a 42 2f 3b 28 23 61 6e
63 73 25 5e 6d 5c 36 59
64 74 21 4b 4f 6b 6f 
45 00 00 2c e8 42 38 26
b7 55 f6 43 2c a9 2b bc
c0 a8 00 6b 42 94 39 bd
5a e3 79 6a 20 39 2f 21
20 78 6c 6f 22 7b 6f 5e
68 53 5e 78 7c 23 7d 7c
69 42 45 40 
45 02 00 35 48 4a 20 79
23 75 db f9 4b d8 62 d3
c0 a8 00 dc 63 34 2a cc
e3 d7 48 2b 43 58 60 41
43 3e 66 7d 3e 63 50 26
27 3c 41 49 5b 26 28 36
64 6d 60 60 52 7c 3c 3b
29 56 7c 4c 30 
46 03 00 2b d3 48 3c ff
40 4f 74 83 82 61 ea 2a
c0 a8 00 cd 2a 4a 1d ca
0c e4 d8 31 ce 02 8d a9
4c 5a 45 77 55 4e 66 2a
3f 2b 62 2f 21 77 40 4d
4e 7a 56 
45 ba 00 42 a5 7a 02 73
7c 8f 1d bd f1 12 50 f0
c0 a8 00 7b 55 58 2a cc
1f 1e 34 95 78 29 4c 3a
56 37 51 48 5d 4b 5b 7c
33 46 74 3b 65 49 3b 4a
4a 74 2b 44 41 20 40 32
68 48 65 62 6b 4e 39 5d
65 6a 28 5e 51 7d 76 65
5f 6d 
45 01 00 34 a2 ac ee c0
8d 74 36 8d 18 e1 22 e1
c0 a8 00 82 9a 04 05 bc
22 b2 6d b2 36 4e 2d 35
60 2e 30 4f 4b 56 23 24
63 65 6c 37 29 33 69 6c
6a 28 35 2b 43 63 77 33
57 67 6d 29 
46 bb 00 40 50 57 1a 73
9e 70 52 88 73 20 31 02
c0 a8 00 82 61 11 1f bb
d2 5e 35 cb f6 2e a1 53
3d 74 7a 47 47 4d 3b 75
72 26 74 3a 61 76 64 3d
60 53 31 2a 3c 2b 59 2b
46 40 25 41 26 76 4e 43
29 4b 26 50 34 42 47 28
46 00 00 2a 1a 66 e6 9a
8a fe 1c 0f 28 bd 4f 24
c0 a8 00 fb bc 86 4e 5c
11 b3 05 bc 4f fe 3a c8
24 50 63 46 34 3d 3e 73
53 7a 2d 21 2e 57 72 76
48 26 
45 00 00 3a ca 14 a9 7d
63 a7 b7 2b 95 65 d5 f5
c0 a8 00 0d c5 20 2a cc
63 88 6b ec 64 6c 32 57
7a 2b 22 22 32 62 30 34
38 4c 5c 32 22 3b 79 63
37 23 77 76 26 5a 74 2e
4d 61 32 4d 69 5e 26 66
69 28 
45 02 00 30 9f 9b b6 1b
83 2d 3e 23 d0 f7 28 48
c0 a8 00 cd a6 f2 f3 48
e0 b8 45 e3 66 58 67 46
5f 69 32 23 6d 4a 2a 58
32 63 56 56 36 2b 51 38
44 64 3e 70 6e 64 35 2b
46 01 00 44 a3 da 52 92
f6 99 12 b4 ad c2 14 60
c0 a8 00 82 0e 2a 2e de
6e 3b 26 f9 d0 82 3f eb
66 2b 72 2d 45 34 50 2d
2f 75 55 3f 28 4c 39 42
28 56 36 31 59 7b 6f 2d
29 23 78 3f 79 3f 7c 7c
64 70 2b 2b 27 5b 52 50
6d 2a 70 75 
46 01 00 31 69 77 86 be
9f 96 f1 34 e0 f5 4c 6a
c0 a8 00 dc e3 42 dc ca
53 9a 2a cc fb a1 ba 13
40 58 6f 37 4a 36 6a 5f
4e 6f 40 40 72 57 40 7d
2e 55 20 44 45 64 72 79
56 
46 00 00 33 5a c0 e0 c0
2d 8b 4a bd b0 7a b7 4c
c0 a8 00 7b 31 6f 88 7d
18 f8 d8 31 aa b7 b4 41
4d 3c 4f 3f 25 46 44 5a
38 2e 50 7d 68 34 30 75
61 3c 6b 22 68 68 35 2a
42 62 58 
46 b8 00 52 d8 fb 55 dc
bd 21 d2 48 47 88 b3 2e
c0 a8 00 fb 6c a9 5f 0e
4f 0a d2 ce 66 41 e7 2e
60 6b 34 3a 3d 5f 3d 77
73 5b 24 62 21 56 75 21
5c 52 28 61 78 28 5c 51
26 49 32 6b 64 41 23 60
48 37 37 21 32 54 79 41
31 7d 3f 33 6f 50 4e 4d
24 56 30 7d 79 28 6a 21
51 7c 
45 b8 00 43 0f 16 87 47
3c 3f 0a d7 25 53 3c 14
c0 a8 00 82 e1 8c 26 f9
de fa 0f 0d 25 30 52 2d
7a 6d 79 35 76 4d 2a 23
7b 48 7a 63 67 26 3a 23
28 23 56 2e 53 7b 21 54
70 76 2d 31 28 79 58 3e
68 6d 6d 60 56 78 20 54
42 7a 53 
46 ba 00 57 53 3e 2f 72
f2 c4 70 a0 68 7b a1 fe
c0 a8 00 6b 92 35 28 93
d5 54 35 c2 9f 6f 9e 4d
5f 44 2b 4e 4f 62 58 77
42 21 33 4b 7b 65 55 68
2b 71 7b 7a 51 2c 60 50
25 79 58 78 26 5a 2a 66
20 4f 36 4f 33 6e 62 70
2b 31 3d 43 77 2f 2d 3e
3c 2a 55 6e 36 37 5a 55
32 4e 6a 38 2a 30 3a 
47 03 00 3d 6b 4b f3 71
28 e2 0e a5 f9 b3 62 a0
c0 a8 00 fb db ff d4 1a
b2 be 01 50 b2 31 05 bc
48 4e f7 c5 68 33 32 43
5c 29 36 5d 2c 3a 51 52
52 3b 41 44 5b 55 6b 6b
21 31 71 3c 23 47 5e 47
6b 31 28 55 5e 
46 00 00 46 e3 84 1e 27
bf fa 64 ac 38 41 75 75
c0 a8 00 7b f2 58 64 61
3d a3 2a cc 82 53 2b f1
26 29 34 65 78 62 3d 72
62 6d 34 7c 70 43 27 4a
74 6d 45 7b 43 61 40 29
56 21 47 2e 5a 2e 6b 7a
37 21 61 4b 7d 3b 3f 61
44 6e 79 50 4d 22 
45 01 00 30 99 0a b3 8e
04 1a 27 80 d4 eb ed ee
c0 a8 00 82 27 62 26 f9
7e 76 b9 05 24 42 23 2e
3d 53 5b 5a 4f 3b 66 2c
76 37 4a 73 2b 5a 2d 61
78 3b 46 25 45 5d 65 67
45 02 00 48 f3 c0 59 be
f9 29 53 ea 01 59 64 72
c0 a8 00 0d 69 91 35 c2
72 7d d8 99 49 27 21 68
4d 5f 4f 50 3d 31 77 7d
79 42 29 57 5b 6e 6e 5e
2d 6e 6e 27 26 63 4b 7c
79 7b 3d 5e 25 3f 49 6c
3a 34 3e 57 46 37 70 5b
74 79 34 51 25 25 4b 32
47 03 00 46 39 70 ee 22
f9 56 ff 2e 51 d9 48 c2
c0 a8 00 dc 38 f7 44 a7
1d 4d 1b 7a 38 52 7b 6b
08 2d a0 b0 56 61 48 6b
62 63 3b 34 7c 29 45 3b
69 20 61 66 6e 47 55 26
44 37 34 52 71 56 4c 53
7d 58 62 55 56 46 5c 54
2c 78 69 2a 3d 30 
46 ba 00 3a 3f 79 ac cf
66 4f ad 6e 6c c3 c8 92
c0 a8 00 82 06 c3 68 77
1b 16 2b 77 96 67 d6 d2
6a 6a 37 36 66 59 61 2a
20 38 30 7a 49 74 2f 55
48 35 38 48 45 4f 23 7d
3c 4e 3a 66 50 7a 46 3c
23 5d 
45 b9 00 4f 1d 38 b5 ad
37 bb 8c e4 2f d7 55 6c
c0 a8 00 b6 b5 cc 35 cb
6b fa ba 86 5e 61 50 75
29 6c 78 23 5b 7d 70 47
48 45 65 3e 4a 4f 43 44
29 71 29 7a 69 34 58 20
3f 39 20 39 7a 50 30 3f
59 44 5c 50 43 4e 34 28
2f 79 60 59 64 25 39 2a
76 43 26 61 57 5f 62 
45 00 00 56 a5 08 df 56
95 34 3e 96 d2 66 22 d8
c0 a8 00 fb 06 ee d2 ce
f1 54 b6 ab 30 7c 4a 51
60 3d 4c 5e 50 60 5c 38
46 47 74 4b 51 33 49 2e
30 76 38 34 54 3e 35 41
5f 3b 2e 6f 39 58 42 35
76 6e 73 62 6a 6c 7a 32
35 2c 78 67 40 43 31 6a
3b 63 3a 2b 3e 4f 4d 7d
6a 75 2a 40 6a 4d 
47 00 00 2b ae 5b c4 aa
f8 84 90 63 a2 94 da b4
c0 a8 00 0d 87 c4 dd 43
26 0a b8 55 f3 91 cd f1
87 3f ab be 4e 6f 56 35
6b 36 24 63 42 29 24 49
74 62 73 
45 00 00 2c c1 d1 92 79
26 85 0b ad c4 b6 6c e5
c0 a8 00 09 f6 e6 d2 ce
3a 01 0e eb 75 4e 4a 79
77 5a 77 28 3f 5c 39 22
28 2c 55 59 74 35 48 65
55 4b 63 73 
47 01 00 31 37 35 7e 17
c9 a3 5b 6a be 95 f1 85
c0 a8 00 7b 4e 24 d3 c9
27 b4 bd 51 1b bc d2 ce
28 46 71 6b 2a 43 22 5e
44 33 56 3c 72 33 2f 67
4b 35 65 25 78 37 79 3c
74 
45 01 00 39 63 bf 17 d5
2a 6d f2 be 0e bc 89 e4
c0 a8 00 7b 04 6c 73 e8
83 ef a9 8d 52 70 70 67
2a 27 25 20 23 23 4a 7b
47 49 62 5c 7c 61 7c 74
47 38 32 5b 2a 26 63 2f
43 6e 7a 32 61 28 79 6b
49 
47 bb 00 47 7a 02 33 be
6b 9b 2d 41 f6 5b 25 0c
c0 a8 00 fb 12 ed 27 35
38 30 01 11 d2 4a 27 09
71 3b 31 79 55 79 6a 2f
4c 50 49 7d 4e 42 35 30
53 5b 53 7c 4f 53 6b 4a
52 6a 3f 41 21 45 2e 58
47 21 75 38 7a 61 47 63
4d 71 62 38 4f 33 48 
47 02 00 37 54 51 a6 ca
69 0f 41 92 4b 03 2c c2
c0 a8 00 dc f7 40 a6 8b
c1 aa 60 2b cf a9 f3 48
3b 80 00 1f 2d 29 5c 4b
49 2e 70 4f 4c 23 75 2d
4f 7c 37 6f 4c 42 29 34
63 25 5e 26 24 7b 2b 
47 b9 00 2b 7e a2 9e 49
28 60 bb 78 8b 3c 09 48
c0 a8 00 dc 08 9e 32 96
2a 5b ca 42 46 a9 07 9f
ba 5c 56 db 4d 26 40 2f
54 6d 4d 4e 20 35 55 7b
49 5e 2b 
45 03 00 33 59 32 12 24
74 59 cd 2e b5 23 09 63
c0 a8 00 3e a8 05 8c 5d
80 5a 80 40 76 41 5b 4d
58 41 48 64 48 37 37 77
6a 43 79 2e 57 23 35 6e
61 4f 41 3e 52 35 56 4a
5d 5c 2c 
46 00 00 4c c7 51 e4 b7
6e 27 ae 42 c4 d8 29 85
c0 a8 00 0d 75 68 13 41
5d c5 07 9f 15 b5 1e ef
4e 7c 6c 74 54 27 78 2f
35 3f 33 29 48 67 35 4b
6e 63 7d 3f 27 3a 3f 52
39 6f 5b 71 72 60 22 5c
5e 6e 53 4e 32 4d 77 47
6d 46 51 37 30 22 7c 3a
65 7b 59 28 
47 03 00 59 a4 74 54 3e
1b 72 aa 0b 37 46 e5 e3
c0 a8 00 82 cc 0d 3c 8c
66 f9 f6 18 ca 4c 07 9f
e7 85 b7 5a 39 28 41 41
2d 73 3b 41 44 52 34 6c
74 73 21 63 24 2d 7a 3c
79 20 28 78 26 70 32 2e
57 40 58 2d 62 79 4e 2b
6e 25 4d 4e 72 7b 3d 68
70 58 4d 31 65 64 4d 7a
64 55 74 6b 47 43 79 3b
63 
47 ba 00 2b 30 92 0f 95
4f 9b 24 1c 21 15 40 87
c0 a8 00 7b 4a 87 d9 ff
7d 7d 2f 1a 8c a2 d8 31
a9 ed df e2 4e 2d 67 38
3f 55 2d 71 2d 50 38 79
4c 62 5a 
47 ba 00 36 ae 78 a3 dd
92 30 7f 3b 1d 5f 1d 18
c0 a8 00 82 e6 82 4e e0
18 17 e9 43 2f 8d 07 9f
92 63 53 f7 25 4a 2b 76
20 4d 57 4e 3c 5f 48 20
6f 3d 47 40 61 37 73 40
47 7d 45 20 50 7b 
46 01 00 2a a0 40 43 72
06 96 bd 70 c7 9b 0a 77
c0 a8 00 3e b4 c2 86 ea
91 7b 39 bd a3 af 51 74
41 65 4c 58 57 65 58 39
5c 78 45 5f 67 27 76 72
7c 65 
45 02 00 32 6a 1c 10 e5
bf bf 36 34 a4 46 bc ee
c0 a8 00 3e a1 eb 8c 5d
01 9c b8 b3 77 71 60 3b
25 55 53 26 6a 45 74 78
30 50 5a 6e 4a 7d 63 6e
25 7a 36 58 26 36 2d 69
68 59 
47 01 00 31 0e b0 84 e9
e9 0b a7 53 11 d0 d9 27
c0 a8 00 fb de 1e fd 22
98 77 ad ce df d9 66 a5
ef 49 a1 c9 3a 41 70 79
74 5e 4c 62 6d 69 32 73
3c 6f 4b 2f 59 67 3b 28
73 
46 02 00 54 5f 95 5f 01
5e c5 42 c8 21 3d 40 2d
c0 a8 00 fb bb a2 22 45
ab 6a 67 ea e1 84 8b a4
5f 66 58 6e 50 5f 29 59
51 36 76 79 23 58 76 4c
2c 6f 6b 73 6a 2a 31 50
5a 42 6c 37 3a 39 67 35
22 5b 25 6c 56 48 47 29
79 5a 24 38 4e 7b 64 75
28 6b 6a 73 32 7b 5f 6c
59 4e 3f 2f 
45 bb 00 46 87 95 23 86
85 d4 7f 51 97 73 57 30
c0 a8 00 fb a6 60 c4 6a
c0 53 ac 75 5b 49 49 63
24 33 3e 33 36 60 71 56
79 57 7d 26 21 2a 21 44
6f 3a 21 41 6a 5d 67 44
43 7a 2e 3a 45 71 3a 4a
40 58 77 70 55 27 48 6a
5e 62 71 79 6c 2e 
46 01 00 40 3a 06 6a ee
97 2c 18 5f cc b3 bf 0a
c0 a8 00 dc 6b 74 bb 28
3b 04 35 cb d6 37 6c 0c
70 21 47 3a 5a 41 7c 37
5c 66 6b 60 31 64 61 67
33 43 67 7b 4f 28 59 6e
54 6c 51 4b 6b 57 3f 78
73 22 34 69 43 33 22 3b
45 01 00 38 cb a6 6d 72
ef 9c 23 a3 3f 8f 80 1d
c0 a8 00 3e 00 33 42 55
32 de f2 d4 67 35 33 6c
72 46 2b 30 5b 34 48 24
3e 5d 4e 75 37 7b 4b 5a
52 5a 29 78 71 2a 6b 75
7c 20 74 21 35 43 6d 29
47 01 00 55 7b 5c 43 76
30 46 e3 f3 e5 73 5a c3
c0 a8 00 6b 93 40 be b3
5a eb b1 66 ed e4 35 c2
73 74 4d 7e 5d 3a 64 40
63 7b 5a 4c 72 45 46 21
2c 6b 25 60 28 32 75 36
49 33 55 5e 69 6b 30 56
45 4f 66 25 69 66 45 4e
64 3b 36 72 60 76 73 6d
7d 34 69 27 46 60 57 6f
2f 2f 69 78 7a 
47 bb 00 59 2e ce ed b3
7b 7d 49 79 c9 1f 10 b5
c0 a8 00 dc 2a 23 b3 c4
77 58 2c c8 55 be 05 bc
03 5d de 15 6c 41 61 53
74 43 26 31 65 27 4d 44
58 5c 7d 3e 7b 62 68 51
32 55 4d 42 35 54 7c 3f
47 6d 44 50 30 41 25 40
65 2b 6b 66 4c 3a 46 41
33 45 5f 30 43 63 7b 55
54 4a 78 6a 21 32 45 62
21 
46 00 00 39 9f be 67 4b
fa a8 05 d4 2f 98 6b 0c
c0 a8 00 0d b9 eb 64 1a
16 ac 39 bd 15 1a ae fe
73 65 36 74 6b 65 5c 34
3b 49 5c 36 24 28 78 34
78 39 70 4b 3a 5f 42 3a
66 6f 6e 7d 51 4b 6b 46
32 
46 01 00 41 45 e9 96 d9
4a cb 67 52 05 c9 8a d7
c0 a8 00 0d 97 ce 63 4f
76 09 73 e8 1e ca c4 08
65 43 3c 34 7a 2f 4d 21
5e 37 5a 59 5c 66 72 2c
6d 5b 6d 49 50 7c 3f 41
36 25 5e 58 3f 50 4e 41
2f 27 55 2c 50 3e 2d 31
55 
46 02 00 48 24 11 f3 21
7a e7 b6 b1 3f 9a 5e 9f
c0 a8 00 dc 9c d5 c4 a7
1a 65 35 1e 58 9d 6f 12
44 48 75 79 4c 7b 63 52
31 59 2d 3c 59 4b 78 57
44 33 6b 42 46 73 79 2c
66 30 22 7a 79 3d 47 59
66 3e 55 4e 56 54 22 67
30 49 26 25 30 3a 5c 6e
46 02 00 40 91 94 c1 c5
8e d3 97 f7 f8 36 33 a1
c0 a8 00 82 c7 e7 8b 3a
45 8c 66 a5 b2 5e 98 51
58 2a 51 48 71 50 74 23
44 58 59 3b 4b 33 2f 6e
2a 63 53 24 72 42 4b 3f
4c 4b 2a 3c 59 78 31 4e
25 7c 76 32 4e 6d 4f 2f
45 01 00 3a b7 63 e4 0b
e0 f6 ff 24 ef 7f a3 2e
c0 a8 00 0d 8b d3 67 ea
cc 2f 55 16 66 79 36 79
64 3f 64 73 3c 6f 73 65
48 25 3a 46 78 42 2e 7b
28 76 5a 55 70 43 41 60
27 58 3a 6d 6d 51 24 53
2c 69 
45 00 00 30 88 db 60 c1
81 f0 ef 26 a4 0d 4b fc
c0 a8 00 82 5a fa 39 bd
27 72 d9 a7 65 21 5a 52
3f 4a 78 44 2e 5d 3a 22
29 2f 79 6d 30 28 31 73
33 32 51 78 68 3b 24 61
45 01 00 3a de b4 d8 7e
f7 95 7b 9c 85 b7 f2 fe
c0 a8 00 09 cf a7 d2 ce
38 67 4d 62 28 3b 29 22
25 44 27 66 5f 3d 50 62
54 74 52 46 4b 3d 5d 64
22 4b 3b 6e 61 6c 4b 2a
62 54 60 6a 2b 69 6d 30
49 30 
45 02 00 57 d7 59 e9 c3
14 66 45 4a 80 4c 37 8c
c0 a8 00 82 51 f4 2a cc
40 8f 18 40 2d 68 68 76
71 78 5b 23 47 22 50 45
6e 6d 3a 65 6d 74 7a 4c
50 32 2c 48 53 4d 48 41
79 2c 7d 28 74 67 3b 24
7c 76 27 45 78 58 26 25
47 41 6a 36 37 22 7c 24
35 44 4c 24 72 74 45 29
3c 5e 31 4c 62 66 50 
47 03 00 40 3e 21 62 a5
94 e5 f8 9c 75 7a 82 94
c0 a8 00 7b 79 7e ce 45
84 63 6e ac 94 23 66 a5
58 38 ce 67 2c 65 7b 23
74 49 64 45 58 25 7a 3a
75 53 79 6b 5c 3a 2f 68
67 61 3c 3f 6b 68 42 43
34 2e 4c 5a 73 49 5d 26
47 b8 00 37 fd 9d 01 7a
58 a0 8c 8c bd 6d 05 5e
c0 a8 00 cd b1 ec ab 89
f7 51 99 cf 5d 45 d2 ce
e1 cf bc b3 59 35 5e 5c
34 75 60 29 61 78 6a 2c
67 75 59 3e 20 5e 35 73
4d 4e 2e 6a 75 30 63 
45 02 00 55 0c b7 0f 10
5c ed 16 7c 23 bc 28 e6
c0 a8 00 82 1f 41 39 bd
af e1 0b 64 7b 5e 2c 2b
4a 23 55 2f 6c 32 4a 4f
7d 50 2d 2e 51 5f 39 5b
75 58 6b 53 47 2e 6a 6e
36 7b 4c 4d 5b 72 72 41
31 4a 50 7d 76 36 69 75
67 76 25 54 71 58 31 69
33 38 3e 74 60 45 20 32
42 66 5f 3a 5a 
45 b8 00 35 49 6c f6 c0
42 f1 e6 09 71 17 b0 8c
c0 a8 00 82 d0 59 35 1e
fe 39 eb e7 7a 37 45 58
7d 41 2e 73 31 26 7a 65
68 3d 4d 62 63 71 60 23
71 33 35 65 4c 4b 6c 7c
22 69 31 7c 3c 
45 03 00 49 8e 03 39 c4
28 8f 44 b9 dc 83 8d 1a
c0 a8 00 6b a9 6a 05 bc
c9 e6 f7 05 39 63 4a 3c
68 5b 54 26 4e 47 75 62
2f 5b 43 36 57 69 28 2d
79 76 2d 38 48 64 48 47
52 59 73 6b 58 3f 43 42
36 78 62 65 5b 59 49 6a
50 6d 3d 29 72 5f 37 29
57 
45 b9 00 37 3c e4 42 ef
35 f4 e2 c1 54 37 5f 48
c0 a8 00 82 36 ce 26 f9
f1 37 63 dd 38 2e 5d 47
6d 74 50 60 6e 2e 7b 34
33 79 46 72 29 5f 46 55
58 57 3a 4b 4b 20 36 35
4a 6b 68 62 79 47 45 
47 01 00 34 82 ef d1 0d
9c 59 db 39 17 9e b9 95
c0 a8 00 7b b5 6f 73 14
5c 1f 65 80 2e 94 d2 ce
e2 93 93 b8 31 7d 64 31
60 26 62 58 59 30 31 3d
66 64 61 2f 72 5e 70 4d
28 54 58 3c 
46 03 00 46 7b 11 2a 1e
2d d7 ef cb 73 91 76 ab
c0 a8 00 3e 8c fd 1d 9f
22 48 66 a5 47 fc e3 62
75 3d 5c 4d 56 48 67 7b
27 62 30 4b 77 43 22 6e
5c 55 59 50 20 55 7c 66
38 2c 42 6d 79 6f 2d 2c
49 25 59 21 4d 5c 7c 6e
5a 48 3b 6d 6b 57 
45 01 00 3c 6f b8 db ab
24 24 2f d8 69 97 ed 99
c0 a8 00 cd d8 9f 78 51
08 69 54 9e 43 53 2a 6b
6e 78 58 62 71 23 70 60
38 55 26 4c 66 62 28 56
4a 5d 37 5a 74 41 55 66
66 39 36 2b 6c 5a 76 77
54 6a 5b 62 
47 01 00 30 fc 25 73 3c
d9 d1 55 f6 c6 5b ac 93
c0 a8 00 0d 00 6a c9 f9
c6 a2 fc f9 12 e5 67 ea
fb f4 92 77 21 6f 27 43
30 27 4c 52 6a 78 4b 35
24 5c 54 25 63 4a 27 39
46 bb 00 39 b6 1a 32 aa
ac aa 80 00 01 eb 98 55
c0 a8 00 0d 7b a4 e5 e5
82 ca cd f1 46 26 0a 53
3f 42 74 72 7b 50 42 2b
65 38 2f 7a 40 56 58 4a
54 57 4d 7c 5e 7d 35 6b
48 77 2f 32 53 41 21 72
63 
45 bb 00 4f b2 da db 85
4c 3d 05 68 20 85 85 ed
c0 a8 00 3e 9e f8 66 a5
36 5b 4f 65 5a 59 29 2f
7a 45 23 7a 71 6a 77 6f
31 3b 55 6e 28 51 2a 4c
27 6e 5f 4f 3d 71 57 6a
54 66 61 30 41 26 3f 58
4b 5d 54 3e 49 4d 4a 75
24 21 65 46 6d 2b 72 74
79 6e 45 39 7b 38 25 
46 b8 00 30 3a 5a ea 7c
7b 32 f0 7e 85 32 87 95
c0 a8 00 dc 1c 71 e8 f9
78 82 d6 af 31 be ea 4b
4f 50 6d 6e 3e 6e 70 3c
67 34 74 39 24 2d 40 4d
2a 2f 41 7b 3d 37 2c 71
47 b9 00 51 9a 07 04 58
44 06 b0 9d a2 02 aa 78
c0 a8 00 09 af a1 cb d6
cb 0e 7c 7b 83 aa 42 55
c0 15 48 ed 37 65 64 5d
2a 2a 74 7c 20 61 36 34
72 40 65 6c 5f 2e 3b 24
38 2b 74 33 2a 43 5f 46
2a 39 6f 5c 21 6f 3b 2b
7a 4c 44 7a 2f 5a 31 3d
7b 32 45 5c 5a 60 7a 72
6b 
46 02 00 2f 57 50 80 da
ba 15 fa 7f de 50 a7 e0
c0 a8 00 82 34 76 21 57
89 42 05 bc bb 8a bc 0f
5f 44 74 4c 6a 37 78 3b
54 6b 4b 2c 50 7d 7d 26
43 7b 70 78 5a 58 79 
46 03 00 38 6b 45 9b 86
9f c5 8c c9 4c 54 78 1e
c0 a8 00 fb 74 78 70 6e
31 d7 35 c2 62 6a 1d a6
2f 3b 38 44 4a 40 76 2b
2a 63 34 73 75 7b 6e 70
50 3c 20 5a 59 60 32 23
2e 3e 65 60 52 46 40 7b
47 03 00 41 bc 8a c5 a9
e2 da 1d d9 b4 1d 99 db
c0 a8 00 09 71 d1 20 3a
82 d5 70 64 62 09 26 f9
b0 0c 47 48 67 5a 2f 4a
70 7d 52 4b 53 6e 7a 3a
43 54 71 48 65 4a 2a 6b
20 52 75 63 20 3b 2a 3a
28 6f 6c 2b 4c 7c 56 3e
37 
